gurbaniUjagar/build/outputs/logs/manifest-merger-release-report.txt
-- Merging decision tree log ---
manifest
ADDED from src/main/AndroidManifest.xml:2:1-68:12
	package
		ADDED from src/main/AndroidManifest.xml:3:5-29
		INJECTED from src/main/AndroidManifest.xml
		INJECTED from src/main/AndroidManifest.xml
	android:versionName
		ADDED from src/main/AndroidManifest.xml:7:5-31
		INJECTED from src/main/AndroidManifest.xml
		INJECTED from src/main/AndroidManifest.xml
	android:hardwareAccelerated
		ADDED from src/main/AndroidManifest.xml:4:5-39
	android:versionCode
		ADDED from src/main/AndroidManifest.xml:6:5-29
		INJECTED from src/main/AndroidManifest.xml
		INJECTED from src/main/AndroidManifest.xml
	xmlns:android
		ADDED from src/main/AndroidManifest.xml:2:11-69
	android:installLocation
		ADDED from src/main/AndroidManifest.xml:5:5-45
uses-sdk
ADDED from src/main/AndroidManifest.xml:9:5-11:41
MERGED from [GurbaniUjagar:slidingMenu:unspecified] AndroidManifest.xml:7:5-9:41
	android:targetSdkVersion
		ADDED from src/main/AndroidManifest.xml:11:9-38
		INJECTED from src/main/AndroidManifest.xml
		INJECTED from src/main/AndroidManifest.xml
	android:minSdkVersion
		ADDED from src/main/AndroidManifest.xml:10:9-34
		INJECTED from src/main/AndroidManifest.xml
		INJECTED from src/main/AndroidManifest.xml
uses-permission#android.permission.READ_PHONE_STATE
ADDED from src/main/AndroidManifest.xml:14:5-75
	android:name
		ADDED from src/main/AndroidManifest.xml:14:22-72
uses-permission#android.permission.INTERNET
ADDED from src/main/AndroidManifest.xml:15:5-67
	android:name
		ADDED from src/main/AndroidManifest.xml:15:22-64
uses-permission#android.permission.WRITE_EXTERNAL_STORAGE
ADDED from src/main/AndroidManifest.xml:16:5-81
	android:name
		ADDED from src/main/AndroidManifest.xml:16:22-78
uses-permission#android.permission.READ_EXTERNAL_STORAGE
ADDED from src/main/AndroidManifest.xml:17:5-80
	android:name
		ADDED from src/main/AndroidManifest.xml:17:22-77
application
ADDED from src/main/AndroidManifest.xml:19:5-66:19
	android:label
		ADDED from src/main/AndroidManifest.xml:22:9-41
	android:allowBackup
		ADDED from src/main/AndroidManifest.xml:20:9-35
	android:icon
		ADDED from src/main/AndroidManifest.xml:21:9-45
	android:theme
		ADDED from src/main/AndroidManifest.xml:23:9-40
activity#gurbani.ujagar.MainPage
ADDED from src/main/AndroidManifest.xml:24:9-32:20
	android:screenOrientation
		ADDED from src/main/AndroidManifest.xml:26:13-49
	android:name
		ADDED from src/main/AndroidManifest.xml:25:13-51
intent-filter#android.intent.action.MAIN+android.intent.category.LAUNCHER
ADDED from src/main/AndroidManifest.xml:27:13-31:29
action#android.intent.action.MAIN
ADDED from src/main/AndroidManifest.xml:28:17-69
	android:name
		ADDED from src/main/AndroidManifest.xml:28:25-66
category#android.intent.category.LAUNCHER
ADDED from src/main/AndroidManifest.xml:30:17-77
	android:name
		ADDED from src/main/AndroidManifest.xml:30:27-74
activity#gurbani.ujagar.Inspiration
ADDED from src/main/AndroidManifest.xml:33:9-36:20
	android:screenOrientation
		ADDED from src/main/AndroidManifest.xml:35:13-49
	android:name
		ADDED from src/main/AndroidManifest.xml:34:13-39
activity#gurbani.ujagar.ShabadActivity
ADDED from src/main/AndroidManifest.xml:37:9-40:20
	android:screenOrientation
		ADDED from src/main/AndroidManifest.xml:39:13-49
	android:name
		ADDED from src/main/AndroidManifest.xml:38:13-42
activity#gurbani.ujagar.Shabad
ADDED from src/main/AndroidManifest.xml:41:9-44:20
	android:screenOrientation
		ADDED from src/main/AndroidManifest.xml:43:13-49
	android:name
		ADDED from src/main/AndroidManifest.xml:42:13-34
activity#gurbani.ujagar.RaagIndex
ADDED from src/main/AndroidManifest.xml:45:9-48:20
	android:screenOrientation
		ADDED from src/main/AndroidManifest.xml:47:13-49
	android:name
		ADDED from src/main/AndroidManifest.xml:46:13-37
activity#gurbani.ujagar.AuthorIndex
ADDED from src/main/AndroidManifest.xml:49:9-52:20
	android:screenOrientation
		ADDED from src/main/AndroidManifest.xml:51:13-49
	android:name
		ADDED from src/main/AndroidManifest.xml:50:13-39
activity#gurbani.ujagar.Feedback
ADDED from src/main/AndroidManifest.xml:53:9-56:20
	android:screenOrientation
		ADDED from src/main/AndroidManifest.xml:55:13-49
	android:name
		ADDED from src/main/AndroidManifest.xml:54:13-36
activity#gurbani.ujagar.Gurbani
ADDED from src/main/AndroidManifest.xml:57:9-60:20
	android:screenOrientation
		ADDED from src/main/AndroidManifest.xml:59:13-49
	android:name
		ADDED from src/main/AndroidManifest.xml:58:13-35
activity#gurbani.ujagar.Bookmark
ADDED from src/main/AndroidManifest.xml:61:9-64:20
	android:screenOrientation
		ADDED from src/main/AndroidManifest.xml:63:13-49
	android:name
		ADDED from src/main/AndroidManifest.xml:62:13-36